[debug] [2019-01-11T16:29:24.066Z] ----------------------------------------------------------------------
[debug] [2019-01-11T16:29:24.068Z] Command:       /usr/local/bin/node /usr/local/bin/firebase init
[debug] [2019-01-11T16:29:24.068Z] CLI Version:   6.2.2
[debug] [2019-01-11T16:29:24.068Z] Platform:      darwin
[debug] [2019-01-11T16:29:24.068Z] Node Version:  v8.10.0
[debug] [2019-01-11T16:29:24.069Z] Time:          Fri Jan 11 2019 11:29:24 GMT-0500 (EST)
[debug] [2019-01-11T16:29:24.069Z] ----------------------------------------------------------------------
[debug] 
[debug] [2019-01-11T16:29:24.079Z] > command requires scopes: ["email","openid","https://www.googleapis.com/auth/cloudplatformprojects.readonly","https://www.googleapis.com/auth/firebase","https://www.googleapis.com/auth/cloud-platform"]
[debug] [2019-01-11T16:29:24.080Z] > authorizing via signed-in user
[info] 
     ######## #### ########  ######## ########     ###     ######  ########
     ##        ##  ##     ## ##       ##     ##  ##   ##  ##       ##
     ######    ##  ########  ######   ########  #########  ######  ######
     ##        ##  ##    ##  ##       ##     ## ##     ##       ## ##
     ##       #### ##     ## ######## ########  ##     ##  ######  ########

You're about to initialize a Firebase project in this directory:

  /Users/seankidwell/ImagineTech/react-template-1

[info] 
=== Project Setup
[info] 
[info] First, let's associate this project directory with a Firebase project.
[info] You can create multiple project aliases by running firebase use --add, 
[info] but for now we'll just set up a default project.
[info] 
[debug] [2019-01-11T16:30:36.203Z] > refreshing access token with scopes: ["email","https://www.googleapis.com/auth/cloud-platform","https://www.googleapis.com/auth/cloudplatformprojects.readonly","https://www.googleapis.com/auth/firebase","openid"]
[debug] [2019-01-11T16:30:36.203Z] >>> HTTP REQUEST POST https://www.googleapis.com/oauth2/v3/token  
 <request body omitted>
[debug] [2019-01-11T16:30:36.346Z] <<< HTTP RESPONSE 200
[debug] [2019-01-11T16:30:36.363Z] >>> HTTP REQUEST GET https://firebase.googleapis.com/v1beta1/projects?page_size=100  
 
[debug] [2019-01-11T16:30:36.667Z] <<< HTTP RESPONSE 200
